<?xml version="1.0" encoding="UTF-8"?>
<!-- Generated by org.testng.reporters.JUnitXMLReporter -->
<testsuite ignored="0" hostname="MSI" failures="0" tests="6" name="Default test" time="18.663" errors="0" timestamp="2025-12-15T00:21:36 IST">
  <testcase classname="Test.Test_Page" name="test1" time="0.869"/>
  <testcase classname="Test.Test_Page" name="test2" time="3.352"/>
  <testcase classname="Test.Test_Page" name="test3" time="3.245"/>
  <testcase classname="Test.Test_Page" name="test4" time="3.611"/>
  <testcase classname="Test.Test_Page" name="test5" time="3.528"/>
  <testcase classname="Test.Test_Page" name="test6" time="0.499"/>
</testsuite> <!-- Default test -->
