<?xml version="1.0" encoding="UTF-8"?>
<!-- Generated by org.testng.reporters.JUnitXMLReporter -->
<testsuite ignored="0" hostname="MSI" failures="0" tests="6" name="Default test" time="24.389" errors="0" timestamp="2026-01-15T11:48:21 IST">
  <testcase classname="Test.Test_Page" name="test1" time="3.357"/>
  <testcase classname="Test.Test_Page" name="test2" time="3.656"/>
  <testcase classname="Test.Test_Page" name="test3" time="3.66"/>
  <testcase classname="Test.Test_Page" name="test4" time="4.388"/>
  <testcase classname="Test.Test_Page" name="test5" time="3.388"/>
  <testcase classname="Test.Test_Page" name="test6" time="0.447"/>
</testsuite> <!-- Default test -->
