<?xml version="1.0" encoding="UTF-8"?>
<testng-results ignored="0" total="6" passed="6" failed="0" skipped="0">
  <reporter-output>
  </reporter-output>
  <suite started-at="2025-12-15T00:21:18 IST" name="Default suite" finished-at="2025-12-15T00:21:36 IST" duration-ms="18663">
    <groups>
    </groups>
    <test started-at="2025-12-15T00:21:18 IST" name="Default test" finished-at="2025-12-15T00:21:36 IST" duration-ms="18663">
      <class name="Test.Test_Page">
        <test-method is-config="true" signature="base()[pri:0, instance:Test.Test_Page@7c6908d7]" started-at="2025-12-15T00:21:18 IST" name="base" finished-at="2025-12-15T00:21:21 IST" duration-ms="3140" status="PASS">
          <reporter-output>
          </reporter-output>
        </test-method> <!-- base -->
        <test-method signature="test1()[pri:0, instance:Test.Test_Page@7c6908d7]" started-at="2025-12-15T00:21:21 IST" name="test1" finished-at="2025-12-15T00:21:22 IST" duration-ms="869" status="PASS">
          <reporter-output>
          </reporter-output>
        </test-method> <!-- test1 -->
        <test-method signature="test2()[pri:1, instance:Test.Test_Page@7c6908d7]" started-at="2025-12-15T00:21:22 IST" name="test2" finished-at="2025-12-15T00:21:25 IST" duration-ms="3352" status="PASS">
          <reporter-output>
          </reporter-output>
        </test-method> <!-- test2 -->
        <test-method signature="test3()[pri:2, instance:Test.Test_Page@7c6908d7]" started-at="2025-12-15T00:21:25 IST" name="test3" finished-at="2025-12-15T00:21:28 IST" duration-ms="3245" status="PASS">
          <reporter-output>
          </reporter-output>
        </test-method> <!-- test3 -->
        <test-method signature="test4()[pri:3, instance:Test.Test_Page@7c6908d7]" started-at="2025-12-15T00:21:28 IST" name="test4" finished-at="2025-12-15T00:21:32 IST" duration-ms="3611" status="PASS">
          <reporter-output>
          </reporter-output>
        </test-method> <!-- test4 -->
        <test-method signature="test5()[pri:4, instance:Test.Test_Page@7c6908d7]" started-at="2025-12-15T00:21:32 IST" name="test5" finished-at="2025-12-15T00:21:36 IST" duration-ms="3528" status="PASS">
          <reporter-output>
          </reporter-output>
        </test-method> <!-- test5 -->
        <test-method signature="test6()[pri:5, instance:Test.Test_Page@7c6908d7]" started-at="2025-12-15T00:21:36 IST" name="test6" finished-at="2025-12-15T00:21:36 IST" duration-ms="499" status="PASS">
          <reporter-output>
          </reporter-output>
        </test-method> <!-- test6 -->
        <test-method is-config="true" signature="tearDown()[pri:0, instance:Test.Test_Page@7c6908d7]" started-at="2025-12-15T00:21:36 IST" name="tearDown" finished-at="2025-12-15T00:21:36 IST" duration-ms="276" status="PASS">
          <reporter-output>
          </reporter-output>
        </test-method> <!-- tearDown -->
      </class> <!-- Test.Test_Page -->
    </test> <!-- Default test -->
  </suite> <!-- Default suite -->
</testng-results>
