<?xml version="1.0" encoding="UTF-8"?>
<testng-results ignored="0" total="6" passed="6" failed="0" skipped="0">
  <reporter-output>
  </reporter-output>
  <suite started-at="2026-01-15T11:47:57 IST" name="Default suite" finished-at="2026-01-15T11:48:21 IST" duration-ms="24389">
    <groups>
    </groups>
    <test started-at="2026-01-15T11:47:57 IST" name="Default test" finished-at="2026-01-15T11:48:21 IST" duration-ms="24389">
      <class name="Test.Test_Page">
        <test-method is-config="true" signature="setup()[pri:0, instance:Test.Test_Page@3a52dba3]" started-at="2026-01-15T11:47:57 IST" name="setup" finished-at="2026-01-15T11:48:01 IST" duration-ms="4320" status="PASS">
          <reporter-output>
          </reporter-output>
        </test-method> <!-- setup -->
        <test-method signature="test1()[pri:0, instance:Test.Test_Page@3a52dba3]" started-at="2026-01-15T11:48:01 IST" name="test1" finished-at="2026-01-15T11:48:04 IST" duration-ms="3357" status="PASS">
          <reporter-output>
          </reporter-output>
        </test-method> <!-- test1 -->
        <test-method is-config="true" signature="browserclose(org.testng.ITestResult)[pri:0, instance:Test.Test_Page@3a52dba3]" started-at="2026-01-15T11:48:04 IST" name="browserclose" finished-at="2026-01-15T11:48:04 IST" duration-ms="15" status="PASS">
          <params>
            <param index="0">
              <value>
                <![CDATA[[TestResult name=test1 status=SUCCESS method=Test_Page.test1()[pri:0, instance:Test.Test_Page@3a52dba3] output={null}]]]>
              </value>
            </param>
          </params>
          <reporter-output>
          </reporter-output>
        </test-method> <!-- browserclose -->
        <test-method signature="test2()[pri:1, instance:Test.Test_Page@3a52dba3]" started-at="2026-01-15T11:48:04 IST" name="test2" finished-at="2026-01-15T11:48:08 IST" duration-ms="3656" status="PASS">
          <reporter-output>
          </reporter-output>
        </test-method> <!-- test2 -->
        <test-method is-config="true" signature="browserclose(org.testng.ITestResult)[pri:0, instance:Test.Test_Page@3a52dba3]" started-at="2026-01-15T11:48:08 IST" name="browserclose" finished-at="2026-01-15T11:48:08 IST" duration-ms="2" status="PASS">
          <params>
            <param index="0">
              <value>
                <![CDATA[[TestResult name=test2 status=SUCCESS method=Test_Page.test2()[pri:1, instance:Test.Test_Page@3a52dba3] output={null}]]]>
              </value>
            </param>
          </params>
          <reporter-output>
          </reporter-output>
        </test-method> <!-- browserclose -->
        <test-method signature="test3()[pri:2, instance:Test.Test_Page@3a52dba3]" started-at="2026-01-15T11:48:08 IST" name="test3" finished-at="2026-01-15T11:48:12 IST" duration-ms="3660" status="PASS">
          <reporter-output>
          </reporter-output>
        </test-method> <!-- test3 -->
        <test-method is-config="true" signature="browserclose(org.testng.ITestResult)[pri:0, instance:Test.Test_Page@3a52dba3]" started-at="2026-01-15T11:48:12 IST" name="browserclose" finished-at="2026-01-15T11:48:12 IST" duration-ms="1" status="PASS">
          <params>
            <param index="0">
              <value>
                <![CDATA[[TestResult name=test3 status=SUCCESS method=Test_Page.test3()[pri:2, instance:Test.Test_Page@3a52dba3] output={null}]]]>
              </value>
            </param>
          </params>
          <reporter-output>
          </reporter-output>
        </test-method> <!-- browserclose -->
        <test-method signature="test4()[pri:3, instance:Test.Test_Page@3a52dba3]" started-at="2026-01-15T11:48:12 IST" name="test4" finished-at="2026-01-15T11:48:16 IST" duration-ms="4388" status="PASS">
          <reporter-output>
          </reporter-output>
        </test-method> <!-- test4 -->
        <test-method is-config="true" signature="browserclose(org.testng.ITestResult)[pri:0, instance:Test.Test_Page@3a52dba3]" started-at="2026-01-15T11:48:16 IST" name="browserclose" finished-at="2026-01-15T11:48:16 IST" duration-ms="2" status="PASS">
          <params>
            <param index="0">
              <value>
                <![CDATA[[TestResult name=test4 status=SUCCESS method=Test_Page.test4()[pri:3, instance:Test.Test_Page@3a52dba3] output={null}]]]>
              </value>
            </param>
          </params>
          <reporter-output>
          </reporter-output>
        </test-method> <!-- browserclose -->
        <test-method signature="test5()[pri:4, instance:Test.Test_Page@3a52dba3]" started-at="2026-01-15T11:48:16 IST" name="test5" finished-at="2026-01-15T11:48:20 IST" duration-ms="3388" status="PASS">
          <reporter-output>
          </reporter-output>
        </test-method> <!-- test5 -->
        <test-method is-config="true" signature="browserclose(org.testng.ITestResult)[pri:0, instance:Test.Test_Page@3a52dba3]" started-at="2026-01-15T11:48:20 IST" name="browserclose" finished-at="2026-01-15T11:48:20 IST" duration-ms="2" status="PASS">
          <params>
            <param index="0">
              <value>
                <![CDATA[[TestResult name=test5 status=SUCCESS method=Test_Page.test5()[pri:4, instance:Test.Test_Page@3a52dba3] output={null}]]]>
              </value>
            </param>
          </params>
          <reporter-output>
          </reporter-output>
        </test-method> <!-- browserclose -->
        <test-method signature="test6()[pri:5, instance:Test.Test_Page@3a52dba3]" started-at="2026-01-15T11:48:20 IST" name="test6" finished-at="2026-01-15T11:48:20 IST" duration-ms="447" status="PASS">
          <reporter-output>
          </reporter-output>
        </test-method> <!-- test6 -->
        <test-method is-config="true" signature="browserclose(org.testng.ITestResult)[pri:0, instance:Test.Test_Page@3a52dba3]" started-at="2026-01-15T11:48:20 IST" name="browserclose" finished-at="2026-01-15T11:48:20 IST" duration-ms="2" status="PASS">
          <params>
            <param index="0">
              <value>
                <![CDATA[[TestResult name=test6 status=SUCCESS method=Test_Page.test6()[pri:5, instance:Test.Test_Page@3a52dba3] output={null}]]]>
              </value>
            </param>
          </params>
          <reporter-output>
          </reporter-output>
        </test-method> <!-- browserclose -->
        <test-method is-config="true" signature="tearDown()[pri:0, instance:Test.Test_Page@3a52dba3]" started-at="2026-01-15T11:48:20 IST" name="tearDown" finished-at="2026-01-15T11:48:21 IST" duration-ms="1016" status="PASS">
          <reporter-output>
          </reporter-output>
        </test-method> <!-- tearDown -->
      </class> <!-- Test.Test_Page -->
    </test> <!-- Default test -->
  </suite> <!-- Default suite -->
</testng-results>
