<?xml version="1.0" encoding="UTF-8"?>
<!-- Generated by org.testng.reporters.JUnitReportReporter -->
<testsuite hostname="MSI" failures="0" tests="6" name="Test.Test_Page" time="15.104" errors="0" timestamp="2025-12-15T00:21:36 IST" skipped="0">
  <testcase classname="Test.Test_Page" name="test1" time="0.869"/>
  <testcase classname="Test.Test_Page" name="test2" time="3.352"/>
  <testcase classname="Test.Test_Page" name="test3" time="3.245"/>
  <testcase classname="Test.Test_Page" name="test4" time="3.611"/>
  <testcase classname="Test.Test_Page" name="test5" time="3.528"/>
  <testcase classname="Test.Test_Page" name="test6" time="0.499"/>
</testsuite> <!-- Test.Test_Page -->
