<?xml version="1.0" encoding="UTF-8"?>
<!-- Generated by org.testng.reporters.JUnitReportReporter -->
<testsuite hostname="MSI" failures="0" tests="6" name="Test.Test_Page" time="18.920" errors="0" timestamp="2026-01-15T11:48:21 IST" skipped="0">
  <testcase classname="Test.Test_Page" name="test1" time="3.359"/>
  <testcase classname="Test.Test_Page" name="test2" time="3.671"/>
  <testcase classname="Test.Test_Page" name="test3" time="3.662"/>
  <testcase classname="Test.Test_Page" name="test4" time="4.390"/>
  <testcase classname="Test.Test_Page" name="test5" time="3.390"/>
  <testcase classname="Test.Test_Page" name="test6" time="0.448"/>
</testsuite> <!-- Test.Test_Page -->
